Using pre-set license
Built from '2020.3/release' branch; Version is '2020.3.12f1 (b3b2c6512326) revision 11776710'; Using compiler version '192528614'; Build Type 'Release'
OS: 'Windows 10 Education; OS build 19042.1052; Version 2009; 64bit' Language: 'es' Physical Memory: 16320 MB
BatchMode: 1, IsHumanControllingUs: 0, StartBugReporterOnCrash: 0, Is64bit: 1, IsPro: 0

 COMMAND LINE ARGUMENTS:
C:\Program Files\Unity\Hub\Editor\2020.3.12f1\Editor\Unity.exe
-adb2
-batchMode
-noUpm
-name
AssetImportWorker0
-projectPath
C:/Users/rpt09/Documents/GitHub/CP_Practica
-logFile
Logs/AssetImportWorker0.log
-srvPort
52033
Successfully changed project path to: C:/Users/rpt09/Documents/GitHub/CP_Practica
C:/Users/rpt09/Documents/GitHub/CP_Practica
Using Asset Import Pipeline V2.
Refreshing native plugins compatible for Editor in 134.68 ms, found 2 plugins.
Preloading 0 native plugins for Editor in 0.00 ms.
Initialize engine version: 2020.3.12f1 (b3b2c6512326)
[Subsystems] Discovering subsystems at path C:/Program Files/Unity/Hub/Editor/2020.3.12f1/Editor/Data/Resources/UnitySubsystems
[Subsystems] Discovering subsystems at path C:/Users/rpt09/Documents/GitHub/CP_Practica/Assets
GfxDevice: creating device client; threaded=0
Direct3D:
    Version:  Direct3D 11.0 [level 11.1]
    Renderer: NVIDIA GeForce GTX 950 (ID=0x1402)
    Vendor:   
    VRAM:     2007 MB
    Driver:   27.21.14.6109
Initialize mono
Mono path[0] = 'C:/Program Files/Unity/Hub/Editor/2020.3.12f1/Editor/Data/Managed'
Mono path[1] = 'C:/Program Files/Unity/Hub/Editor/2020.3.12f1/Editor/Data/MonoBleedingEdge/lib/mono/unityjit'
Mono config path = 'C:/Program Files/Unity/Hub/Editor/2020.3.12f1/Editor/Data/MonoBleedingEdge/etc'
Using monoOptions --debugger-agent=transport=dt_socket,embedding=1,server=y,suspend=n,address=127.0.0.1:56040
Begin MonoManager ReloadAssembly
Registering precompiled unity dll's ...
Register platform support module: C:/Program Files/Unity/Hub/Editor/2020.3.12f1/Editor/Data/PlaybackEngines/WebGLSupport/UnityEditor.WebGL.Extensions.dll
Register platform support module: C:/Program Files/Unity/Hub/Editor/2020.3.12f1/Editor/Data/PlaybackEngines/MacStandaloneSupport/UnityEditor.OSXStandalone.Extensions.dll
Register platform support module: C:/Program Files/Unity/Hub/Editor/2020.3.12f1/Editor/Data/PlaybackEngines/WindowsStandaloneSupport/UnityEditor.WindowsStandalone.Extensions.dll
Register platform support module: C:/Program Files/Unity/Hub/Editor/2020.3.12f1/Editor/Data/PlaybackEngines/LuminSupport/UnityEditor.Lumin.Extensions.dll
Registered in 0.011687 seconds.
Native extension for Lumin target not found
Native extension for WindowsStandalone target not found
Native extension for OSXStandalone target not found
Native extension for WebGL target not found
Refreshing native plugins compatible for Editor in 58.51 ms, found 2 plugins.
Preloading 0 native plugins for Editor in 0.00 ms.
Mono: successfully reloaded assembly
- Completed reload, in  3.070 seconds
Platform modules already initialized, skipping
Registering precompiled user dll's ...
Registered in 0.006906 seconds.
Begin MonoManager ReloadAssembly
Native extension for Lumin target not found
Native extension for WindowsStandalone target not found
Native extension for OSXStandalone target not found
Native extension for WebGL target not found
Refreshing native plugins compatible for Editor in 0.44 ms, found 2 plugins.
Preloading 0 native plugins for Editor in 0.00 ms.
Mono: successfully reloaded assembly
- Completed reload, in  2.668 seconds
Platform modules already initialized, skipping
========================================================================
Worker process is ready to serve import requests
Launched and connected shader compiler UnityShaderCompiler.exe after 0.09 seconds
Refreshing native plugins compatible for Editor in 0.46 ms, found 2 plugins.
Preloading 0 native plugins for Editor in 0.00 ms.
Unloading 1490 Unused Serialized files (Serialized files now loaded: 0)
System memory in use before: 71.5 MB.
System memory in use after: 71.5 MB.

Unloading 19 unused Assets to reduce memory usage. Loaded Objects now: 1924.
Total: 3.115800 ms (FindLiveObjects: 0.221000 ms CreateObjectMapping: 0.702700 ms MarkObjects: 2.091400 ms  DeleteObjects: 0.099200 ms)

AssetImportParameters requested are different than current active one (requested -> active):
  custom:framework-win-MediaFoundation: 216162199b28c13a410421893ffa2e32 -> 
  custom:video-decoder-ogg-theora: a1e56fd34408186e4bbccfd4996cb3dc -> 
  custom:container-muxer-webm: aa71ff27fc2769a1b78a27578f13a17b -> 
  custom:container-demuxer-webm: 4f35f7cbe854078d1ac9338744f61a02 -> 
  custom:container-demuxer-ogg: 62fdf1f143b41e24485cea50d1cbac27 -> 
  custom:video-encoder-webm-vp8: eb34c28f22e8b96e1ab97ce403110664 -> 
  custom:video-decoder-webm-vp8: 9c59270c3fd7afecdb556c50c9e8de78 -> 
  custom:audio-decoder-ogg-vorbis: bf7c407c2cedff20999df2af8eb42d56 -> 
  custom:audio-encoder-webm-vorbis: bf7c407c2cedff20999df2af8eb42d56 -> 
========================================================================
Received Import Request.
  path: Assets/Models/Prefabs/Guardia.prefab
  artifactKey: Guid(0f751f315c273464d968744ab3229113) Importer(815301076,1909f56bfc062723c751e8b465ee728b)
Start importing Assets/Models/Prefabs/Guardia.prefab using Guid(0f751f315c273464d968744ab3229113) Importer(815301076,1909f56bfc062723c751e8b465ee728b)  -> (artifact id: 'e42716b4b8c4f8f54d42aae28788fd64') in 0.342001 seconds 
  Import took 0.347314 seconds .

========================================================================
Received Import Request.
  Time since last request: 8.170492 seconds.
  path: Assets/Models/Prefabs/Bruja.prefab
  artifactKey: Guid(cdc5d23239626e244928911aad3ce52b) Importer(815301076,1909f56bfc062723c751e8b465ee728b)
Start importing Assets/Models/Prefabs/Bruja.prefab using Guid(cdc5d23239626e244928911aad3ce52b) Importer(815301076,1909f56bfc062723c751e8b465ee728b)  -> (artifact id: 'c11dfff5d216493919ad1e485e179ac8') in 0.046559 seconds 
  Import took 0.052112 seconds .

========================================================================
Received Import Request.
  Time since last request: 10.227542 seconds.
  path: Assets/Models/Prefabs/Bruja.prefab
  artifactKey: Guid(cdc5d23239626e244928911aad3ce52b) Importer(815301076,1909f56bfc062723c751e8b465ee728b)
Start importing Assets/Models/Prefabs/Bruja.prefab using Guid(cdc5d23239626e244928911aad3ce52b) Importer(815301076,1909f56bfc062723c751e8b465ee728b)  -> (artifact id: 'ccb59f49431db1b05ba14424c93a2543') in 0.037529 seconds 
  Import took 0.046348 seconds .

========================================================================
Received Import Request.
  Time since last request: 152.467774 seconds.
  path: Assets/Models/Prefabs/Aldeano.prefab
  artifactKey: Guid(6141fd55dd0025543b0df818da93a1c6) Importer(815301076,1909f56bfc062723c751e8b465ee728b)
Start importing Assets/Models/Prefabs/Aldeano.prefab using Guid(6141fd55dd0025543b0df818da93a1c6) Importer(815301076,1909f56bfc062723c751e8b465ee728b)  -> (artifact id: '74fc9c98d562f41d3c69e697bff23757') in 0.057058 seconds 
  Import took 0.061456 seconds .

========================================================================
Received Import Request.
  Time since last request: 9.084951 seconds.
  path: Assets/Models/Prefabs/Aldeano.prefab
  artifactKey: Guid(6141fd55dd0025543b0df818da93a1c6) Importer(815301076,1909f56bfc062723c751e8b465ee728b)
Start importing Assets/Models/Prefabs/Aldeano.prefab using Guid(6141fd55dd0025543b0df818da93a1c6) Importer(815301076,1909f56bfc062723c751e8b465ee728b)  -> (artifact id: 'dec9fcba8d8a8a5ea3a21cd71d01a700') in 0.029639 seconds 
  Import took 0.034295 seconds .

========================================================================
Received Import Request.
  Time since last request: 22.832008 seconds.
  path: Assets/Models/Prefabs/Aldeano.prefab
  artifactKey: Guid(6141fd55dd0025543b0df818da93a1c6) Importer(815301076,1909f56bfc062723c751e8b465ee728b)
Start importing Assets/Models/Prefabs/Aldeano.prefab using Guid(6141fd55dd0025543b0df818da93a1c6) Importer(815301076,1909f56bfc062723c751e8b465ee728b)  -> (artifact id: 'c90d83b20f138eb12a7782cb427ca9e8') in 0.030316 seconds 
  Import took 0.036923 seconds .

========================================================================
Received Import Request.
  Time since last request: 66.511988 seconds.
  path: Assets/Models/Prefabs/Estructuras
  artifactKey: Guid(5dde6c976785c9f43a3192145d4d3091) Importer(815301076,1909f56bfc062723c751e8b465ee728b)
Start importing Assets/Models/Prefabs/Estructuras using Guid(5dde6c976785c9f43a3192145d4d3091) Importer(815301076,1909f56bfc062723c751e8b465ee728b)  -> (artifact id: '863607d275da671690a2518733d71c56') in 0.018143 seconds 
  Import took 0.024714 seconds .

========================================================================
Received Import Request.
  Time since last request: 198.235274 seconds.
  path: Assets/Models/Prefabs/Peones/zombie.prefab
  artifactKey: Guid(157fd1a8a557e3f4c82af1623e1a195c) Importer(815301076,1909f56bfc062723c751e8b465ee728b)
Start importing Assets/Models/Prefabs/Peones/zombie.prefab using Guid(157fd1a8a557e3f4c82af1623e1a195c) Importer(815301076,1909f56bfc062723c751e8b465ee728b)  -> (artifact id: 'feb1aa6665bce1945b1e0b972d093de8') in 0.063746 seconds 
  Import took 0.068143 seconds .

========================================================================
Received Import Request.
  Time since last request: 11.173537 seconds.
  path: Assets/Models/Prefabs/Peones/zombie.prefab
  artifactKey: Guid(157fd1a8a557e3f4c82af1623e1a195c) Importer(815301076,1909f56bfc062723c751e8b465ee728b)
Start importing Assets/Models/Prefabs/Peones/zombie.prefab using Guid(157fd1a8a557e3f4c82af1623e1a195c) Importer(815301076,1909f56bfc062723c751e8b465ee728b)  -> (artifact id: '957897bab982209f51eadecdcc5fed8f') in 0.054240 seconds 
  Import took 0.059212 seconds .

========================================================================
Received Import Request.
  Time since last request: 2.196220 seconds.
  path: Assets/Models/Prefabs/Peones/zombie.prefab
  artifactKey: Guid(157fd1a8a557e3f4c82af1623e1a195c) Importer(815301076,1909f56bfc062723c751e8b465ee728b)
Start importing Assets/Models/Prefabs/Peones/zombie.prefab using Guid(157fd1a8a557e3f4c82af1623e1a195c) Importer(815301076,1909f56bfc062723c751e8b465ee728b)  -> (artifact id: '1806d964f861b6e26a1d39f068ab4628') in 0.032888 seconds 
  Import took 0.037322 seconds .

========================================================================
Received Import Request.
  Time since last request: 6.158404 seconds.
  path: Assets/Models/Prefabs/Peones/zombie.prefab
  artifactKey: Guid(157fd1a8a557e3f4c82af1623e1a195c) Importer(815301076,1909f56bfc062723c751e8b465ee728b)
Start importing Assets/Models/Prefabs/Peones/zombie.prefab using Guid(157fd1a8a557e3f4c82af1623e1a195c) Importer(815301076,1909f56bfc062723c751e8b465ee728b)  -> (artifact id: 'd979684892047ba24152a8ba7223fa2e') in 0.034727 seconds 
  Import took 0.041726 seconds .

========================================================================
Received Import Request.
  Time since last request: 20.254249 seconds.
  path: Assets/Models/Prefabs/Zombie.prefab
  artifactKey: Guid(e70faeb0b644fe14fb4718e27933a006) Importer(815301076,1909f56bfc062723c751e8b465ee728b)
Start importing Assets/Models/Prefabs/Zombie.prefab using Guid(e70faeb0b644fe14fb4718e27933a006) Importer(815301076,1909f56bfc062723c751e8b465ee728b)  -> (artifact id: 'ac498693614d9161cbf8c6c49b7fd9e0') in 0.029409 seconds 
  Import took 0.039682 seconds .

========================================================================
Received Import Request.
  Time since last request: 0.000244 seconds.
  path: Assets/Models/Prefabs/Zombie.prefab
  artifactKey: Guid(e70faeb0b644fe14fb4718e27933a006) Importer(815301076,1909f56bfc062723c751e8b465ee728b)
Start importing Assets/Models/Prefabs/Zombie.prefab using Guid(e70faeb0b644fe14fb4718e27933a006) Importer(815301076,1909f56bfc062723c751e8b465ee728b)  -> (artifact id: 'ac498693614d9161cbf8c6c49b7fd9e0') in 0.018492 seconds 
  Import took 0.022638 seconds .

========================================================================
Received Import Request.
  Time since last request: 67.494043 seconds.
  path: Assets/Models/Prefabs/Zombie.prefab
  artifactKey: Guid(e70faeb0b644fe14fb4718e27933a006) Importer(815301076,1909f56bfc062723c751e8b465ee728b)
Start importing Assets/Models/Prefabs/Zombie.prefab using Guid(e70faeb0b644fe14fb4718e27933a006) Importer(815301076,1909f56bfc062723c751e8b465ee728b)  -> (artifact id: '1ede78602252852567b217ceeccab320') in 0.048147 seconds 
  Import took 0.052170 seconds .

========================================================================
Received Import Request.
  Time since last request: 670.540035 seconds.
  path: Assets/Models/Prefabs/Zombie.prefab
  artifactKey: Guid(e70faeb0b644fe14fb4718e27933a006) Importer(815301076,1909f56bfc062723c751e8b465ee728b)
Start importing Assets/Models/Prefabs/Zombie.prefab using Guid(e70faeb0b644fe14fb4718e27933a006) Importer(815301076,1909f56bfc062723c751e8b465ee728b)  -> (artifact id: 'b96d900320061f5a224b5d7942871f24') in 0.057545 seconds 
  Import took 0.066270 seconds .

========================================================================
Received Import Request.
  Time since last request: 11.416270 seconds.
  path: Assets/Models/Prefabs/Aldeano.prefab
  artifactKey: Guid(6141fd55dd0025543b0df818da93a1c6) Importer(815301076,1909f56bfc062723c751e8b465ee728b)
Start importing Assets/Models/Prefabs/Aldeano.prefab using Guid(6141fd55dd0025543b0df818da93a1c6) Importer(815301076,1909f56bfc062723c751e8b465ee728b)  -> (artifact id: 'ee1f4a65cdf5e7b9d0f021550c491891') in 0.125443 seconds 
  Import took 0.130708 seconds .

========================================================================
Received Import Request.
  Time since last request: 10.198427 seconds.
  path: Assets/Models/Prefabs/Aldeano.prefab
  artifactKey: Guid(6141fd55dd0025543b0df818da93a1c6) Importer(815301076,1909f56bfc062723c751e8b465ee728b)
Start importing Assets/Models/Prefabs/Aldeano.prefab using Guid(6141fd55dd0025543b0df818da93a1c6) Importer(815301076,1909f56bfc062723c751e8b465ee728b)  -> (artifact id: '8045a2619cda684c19edc6e70b71bc4c') in 0.035338 seconds 
  Import took 0.040881 seconds .

========================================================================
Received Import Request.
  Time since last request: 6.211876 seconds.
  path: Assets/Models/Prefabs/Aldeano.prefab
  artifactKey: Guid(6141fd55dd0025543b0df818da93a1c6) Importer(815301076,1909f56bfc062723c751e8b465ee728b)
Start importing Assets/Models/Prefabs/Aldeano.prefab using Guid(6141fd55dd0025543b0df818da93a1c6) Importer(815301076,1909f56bfc062723c751e8b465ee728b)  -> (artifact id: '246fd3f3002753db2cc26275b78bb21e') in 0.205003 seconds 
  Import took 0.518898 seconds .

========================================================================
Received Import Request.
  Time since last request: 6.984591 seconds.
  path: Assets/Models/Prefabs/Aldeano.prefab
  artifactKey: Guid(6141fd55dd0025543b0df818da93a1c6) Importer(815301076,1909f56bfc062723c751e8b465ee728b)
Start importing Assets/Models/Prefabs/Aldeano.prefab using Guid(6141fd55dd0025543b0df818da93a1c6) Importer(815301076,1909f56bfc062723c751e8b465ee728b)  -> (artifact id: 'c06181fa9b5191fd237dd44ddb7a3e2e') in 0.047815 seconds 
  Import took 0.053479 seconds .

========================================================================
Received Import Request.
  Time since last request: 1.727288 seconds.
  path: Assets/Models/Prefabs/Aldeano.prefab
  artifactKey: Guid(6141fd55dd0025543b0df818da93a1c6) Importer(815301076,1909f56bfc062723c751e8b465ee728b)
Start importing Assets/Models/Prefabs/Aldeano.prefab using Guid(6141fd55dd0025543b0df818da93a1c6) Importer(815301076,1909f56bfc062723c751e8b465ee728b)  -> (artifact id: '9d460ce804552a019702e916d41ccdda') in 0.256478 seconds 
  Import took 0.279766 seconds .

========================================================================
Received Import Request.
  Time since last request: 4.190139 seconds.
  path: Assets/Models/Prefabs/Aldeano.prefab
  artifactKey: Guid(6141fd55dd0025543b0df818da93a1c6) Importer(815301076,1909f56bfc062723c751e8b465ee728b)
Start importing Assets/Models/Prefabs/Aldeano.prefab using Guid(6141fd55dd0025543b0df818da93a1c6) Importer(815301076,1909f56bfc062723c751e8b465ee728b)  -> (artifact id: '5ed9a2d8a708a7d061670f4ce3efc950') in 0.027870 seconds 
  Import took 0.043134 seconds .

========================================================================
Received Import Request.
  Time since last request: 5.073840 seconds.
  path: ProjectSettings/TagManager.asset
  artifactKey: Guid(00000000000000003000000000000000) Importer(815301076,1909f56bfc062723c751e8b465ee728b)
Start importing ProjectSettings/TagManager.asset using Guid(00000000000000003000000000000000) Importer(815301076,1909f56bfc062723c751e8b465ee728b)  -> (artifact id: '181901e92f940b4a3e72e16352b3dbd4') in 0.023838 seconds 
  Import took 0.032575 seconds .

========================================================================
Received Import Request.
  Time since last request: 98.446604 seconds.
  path: Assets/Models/Prefabs/Aldeano.prefab
  artifactKey: Guid(6141fd55dd0025543b0df818da93a1c6) Importer(815301076,1909f56bfc062723c751e8b465ee728b)
Start importing Assets/Models/Prefabs/Aldeano.prefab using Guid(6141fd55dd0025543b0df818da93a1c6) Importer(815301076,1909f56bfc062723c751e8b465ee728b)  -> (artifact id: '3cd862a9f7e7a1c85a603de8f3c79de9') in 0.039919 seconds 
  Import took 0.049857 seconds .

========================================================================
Received Import Request.
  Time since last request: 408.312343 seconds.
  path: ProjectSettings/TagManager.asset
  artifactKey: Guid(00000000000000003000000000000000) Importer(815301076,1909f56bfc062723c751e8b465ee728b)
Start importing ProjectSettings/TagManager.asset using Guid(00000000000000003000000000000000) Importer(815301076,1909f56bfc062723c751e8b465ee728b)  -> (artifact id: 'd839b6f021d4707db4fec0fc4857d290') in 0.052042 seconds 
  Import took 0.058650 seconds .

