Using pre-set license
Built from '2020.3/release' branch; Version is '2020.3.12f1 (b3b2c6512326) revision 11776710'; Using compiler version '192528614'; Build Type 'Release'
OS: 'Windows 10 Education; OS build 19042.1052; Version 2009; 64bit' Language: 'es' Physical Memory: 16320 MB
BatchMode: 1, IsHumanControllingUs: 0, StartBugReporterOnCrash: 0, Is64bit: 1, IsPro: 0

 COMMAND LINE ARGUMENTS:
C:\Program Files\Unity\Hub\Editor\2020.3.12f1\Editor\Unity.exe
-adb2
-batchMode
-noUpm
-name
AssetImportWorker0
-projectPath
C:/Users/rpt09/Documents/GitHub/CP_Practica
-logFile
Logs/AssetImportWorker0.log
-srvPort
64907
Successfully changed project path to: C:/Users/rpt09/Documents/GitHub/CP_Practica
C:/Users/rpt09/Documents/GitHub/CP_Practica
Using Asset Import Pipeline V2.
Refreshing native plugins compatible for Editor in 54.54 ms, found 2 plugins.
Preloading 0 native plugins for Editor in 0.00 ms.
Initialize engine version: 2020.3.12f1 (b3b2c6512326)
[Subsystems] Discovering subsystems at path C:/Program Files/Unity/Hub/Editor/2020.3.12f1/Editor/Data/Resources/UnitySubsystems
[Subsystems] Discovering subsystems at path C:/Users/rpt09/Documents/GitHub/CP_Practica/Assets
GfxDevice: creating device client; threaded=0
Direct3D:
    Version:  Direct3D 11.0 [level 11.1]
    Renderer: NVIDIA GeForce GTX 950 (ID=0x1402)
    Vendor:   
    VRAM:     2007 MB
    Driver:   27.21.14.6109
Initialize mono
Mono path[0] = 'C:/Program Files/Unity/Hub/Editor/2020.3.12f1/Editor/Data/Managed'
Mono path[1] = 'C:/Program Files/Unity/Hub/Editor/2020.3.12f1/Editor/Data/MonoBleedingEdge/lib/mono/unityjit'
Mono config path = 'C:/Program Files/Unity/Hub/Editor/2020.3.12f1/Editor/Data/MonoBleedingEdge/etc'
Using monoOptions --debugger-agent=transport=dt_socket,embedding=1,server=y,suspend=n,address=127.0.0.1:56960
Begin MonoManager ReloadAssembly
Registering precompiled unity dll's ...
Register platform support module: C:/Program Files/Unity/Hub/Editor/2020.3.12f1/Editor/Data/PlaybackEngines/WebGLSupport/UnityEditor.WebGL.Extensions.dll
Register platform support module: C:/Program Files/Unity/Hub/Editor/2020.3.12f1/Editor/Data/PlaybackEngines/MacStandaloneSupport/UnityEditor.OSXStandalone.Extensions.dll
Register platform support module: C:/Program Files/Unity/Hub/Editor/2020.3.12f1/Editor/Data/PlaybackEngines/WindowsStandaloneSupport/UnityEditor.WindowsStandalone.Extensions.dll
Register platform support module: C:/Program Files/Unity/Hub/Editor/2020.3.12f1/Editor/Data/PlaybackEngines/LuminSupport/UnityEditor.Lumin.Extensions.dll
Registered in 0.004679 seconds.
Native extension for Lumin target not found
Native extension for WindowsStandalone target not found
Native extension for OSXStandalone target not found
Native extension for WebGL target not found
Refreshing native plugins compatible for Editor in 47.30 ms, found 2 plugins.
Preloading 0 native plugins for Editor in 0.00 ms.
Mono: successfully reloaded assembly
- Completed reload, in  2.084 seconds
Platform modules already initialized, skipping
Registering precompiled user dll's ...
Registered in 0.005384 seconds.
Begin MonoManager ReloadAssembly
Native extension for Lumin target not found
Native extension for WindowsStandalone target not found
Native extension for OSXStandalone target not found
Native extension for WebGL target not found
Refreshing native plugins compatible for Editor in 0.51 ms, found 2 plugins.
Preloading 0 native plugins for Editor in 0.00 ms.
Mono: successfully reloaded assembly
- Completed reload, in  1.785 seconds
Platform modules already initialized, skipping
========================================================================
Worker process is ready to serve import requests
Launched and connected shader compiler UnityShaderCompiler.exe after 0.08 seconds
Refreshing native plugins compatible for Editor in 1.52 ms, found 2 plugins.
Preloading 0 native plugins for Editor in 0.00 ms.
Unloading 1490 Unused Serialized files (Serialized files now loaded: 0)
System memory in use before: 71.3 MB.
System memory in use after: 71.4 MB.

Unloading 19 unused Assets to reduce memory usage. Loaded Objects now: 1924.
Total: 3.099000 ms (FindLiveObjects: 0.473100 ms CreateObjectMapping: 0.171200 ms MarkObjects: 2.326900 ms  DeleteObjects: 0.126200 ms)

AssetImportParameters requested are different than current active one (requested -> active):
  custom:framework-win-MediaFoundation: 216162199b28c13a410421893ffa2e32 -> 
  custom:video-decoder-ogg-theora: a1e56fd34408186e4bbccfd4996cb3dc -> 
  custom:container-muxer-webm: aa71ff27fc2769a1b78a27578f13a17b -> 
  custom:container-demuxer-webm: 4f35f7cbe854078d1ac9338744f61a02 -> 
  custom:container-demuxer-ogg: 62fdf1f143b41e24485cea50d1cbac27 -> 
  custom:video-encoder-webm-vp8: eb34c28f22e8b96e1ab97ce403110664 -> 
  custom:video-decoder-webm-vp8: 9c59270c3fd7afecdb556c50c9e8de78 -> 
  custom:audio-decoder-ogg-vorbis: bf7c407c2cedff20999df2af8eb42d56 -> 
  custom:audio-encoder-webm-vorbis: bf7c407c2cedff20999df2af8eb42d56 -> 
========================================================================
Received Import Request.
  path: Assets/Models/Prefabs/Bruja.prefab
  artifactKey: Guid(cdc5d23239626e244928911aad3ce52b) Importer(815301076,1909f56bfc062723c751e8b465ee728b)
Start importing Assets/Models/Prefabs/Bruja.prefab using Guid(cdc5d23239626e244928911aad3ce52b) Importer(815301076,1909f56bfc062723c751e8b465ee728b)  -> (artifact id: '81d7b8a6beb6b6eeb968334aa673b842') in 0.367591 seconds 
  Import took 0.375093 seconds .

========================================================================
Received Import Request.
  Time since last request: 51.130481 seconds.
  path: Assets/Models/Prefabs/Bruja.prefab
  artifactKey: Guid(cdc5d23239626e244928911aad3ce52b) Importer(815301076,1909f56bfc062723c751e8b465ee728b)
Start importing Assets/Models/Prefabs/Bruja.prefab using Guid(cdc5d23239626e244928911aad3ce52b) Importer(815301076,1909f56bfc062723c751e8b465ee728b)  -> (artifact id: 'c65d605fba8035c3920e73cfd5acf923') in 0.077414 seconds 
  Import took 0.081440 seconds .

========================================================================
Received Import Request.
  Time since last request: 17.269932 seconds.
  path: Assets/Models/Prefabs/Bruja.prefab
  artifactKey: Guid(cdc5d23239626e244928911aad3ce52b) Importer(815301076,1909f56bfc062723c751e8b465ee728b)
Start importing Assets/Models/Prefabs/Bruja.prefab using Guid(cdc5d23239626e244928911aad3ce52b) Importer(815301076,1909f56bfc062723c751e8b465ee728b)  -> (artifact id: '2f120af063e38a8186faf7c2635c3a17') in 0.044666 seconds 
  Import took 0.048766 seconds .

========================================================================
Received Import Request.
  Time since last request: 10.749428 seconds.
  path: Assets/Models/Prefabs/Bruja.prefab
  artifactKey: Guid(cdc5d23239626e244928911aad3ce52b) Importer(815301076,1909f56bfc062723c751e8b465ee728b)
Start importing Assets/Models/Prefabs/Bruja.prefab using Guid(cdc5d23239626e244928911aad3ce52b) Importer(815301076,1909f56bfc062723c751e8b465ee728b)  -> (artifact id: 'bd9d0b99cb44c20e6d5e4b7129b5bbba') in 0.116895 seconds 
  Import took 0.179964 seconds .

========================================================================
Received Import Request.
  Time since last request: 6.517988 seconds.
  path: Assets/Models/Prefabs/Bruja.prefab
  artifactKey: Guid(cdc5d23239626e244928911aad3ce52b) Importer(815301076,1909f56bfc062723c751e8b465ee728b)
Start importing Assets/Models/Prefabs/Bruja.prefab using Guid(cdc5d23239626e244928911aad3ce52b) Importer(815301076,1909f56bfc062723c751e8b465ee728b)  -> (artifact id: '8743febe889fa2593fcf289a6e0e805f') in 0.054458 seconds 
  Import took 0.057899 seconds .

========================================================================
Received Import Request.
  Time since last request: 4.590161 seconds.
  path: Assets/Models/Prefabs/Bruja.prefab
  artifactKey: Guid(cdc5d23239626e244928911aad3ce52b) Importer(815301076,1909f56bfc062723c751e8b465ee728b)
Start importing Assets/Models/Prefabs/Bruja.prefab using Guid(cdc5d23239626e244928911aad3ce52b) Importer(815301076,1909f56bfc062723c751e8b465ee728b)  -> (artifact id: '2c85fecad17a5616ecd14a598e69bece') in 0.023756 seconds 
  Import took 0.027343 seconds .

========================================================================
Received Import Request.
  Time since last request: 93.175466 seconds.
  path: Assets/Models/Prefabs/Guardia.prefab
  artifactKey: Guid(0f751f315c273464d968744ab3229113) Importer(815301076,1909f56bfc062723c751e8b465ee728b)
Start importing Assets/Models/Prefabs/Guardia.prefab using Guid(0f751f315c273464d968744ab3229113) Importer(815301076,1909f56bfc062723c751e8b465ee728b)  -> (artifact id: '92eb845bbebf4eab52af1ff9fe0d0c26') in 0.044364 seconds 
  Import took 0.048013 seconds .

========================================================================
Received Import Request.
  Time since last request: 27.515958 seconds.
  path: Assets/Models/Prefabs/Guardia.prefab
  artifactKey: Guid(0f751f315c273464d968744ab3229113) Importer(815301076,1909f56bfc062723c751e8b465ee728b)
Start importing Assets/Models/Prefabs/Guardia.prefab using Guid(0f751f315c273464d968744ab3229113) Importer(815301076,1909f56bfc062723c751e8b465ee728b)  -> (artifact id: '77a8a6484076aba421fd6af9e4d74374') in 0.178500 seconds 
  Import took 0.193810 seconds .

========================================================================
Received Import Request.
  Time since last request: 20.900027 seconds.
  path: Assets/Models/Prefabs/Guardia.prefab
  artifactKey: Guid(0f751f315c273464d968744ab3229113) Importer(815301076,1909f56bfc062723c751e8b465ee728b)
Start importing Assets/Models/Prefabs/Guardia.prefab using Guid(0f751f315c273464d968744ab3229113) Importer(815301076,1909f56bfc062723c751e8b465ee728b)  -> (artifact id: '906eee0c4330f4c88aab7b5c6aecd942') in 0.023609 seconds 
  Import took 0.027763 seconds .

========================================================================
Received Import Request.
  Time since last request: 7.762613 seconds.
  path: Assets/Models/Prefabs/Guardia.prefab
  artifactKey: Guid(0f751f315c273464d968744ab3229113) Importer(815301076,1909f56bfc062723c751e8b465ee728b)
Start importing Assets/Models/Prefabs/Guardia.prefab using Guid(0f751f315c273464d968744ab3229113) Importer(815301076,1909f56bfc062723c751e8b465ee728b)  -> (artifact id: '7104089f4b36fb103d062605a8b7e3f3') in 0.023238 seconds 
  Import took 0.032033 seconds .

========================================================================
Received Import Request.
  Time since last request: 25.919749 seconds.
  path: Assets/Models/Prefabs/Guardia.prefab
  artifactKey: Guid(0f751f315c273464d968744ab3229113) Importer(815301076,1909f56bfc062723c751e8b465ee728b)
Start importing Assets/Models/Prefabs/Guardia.prefab using Guid(0f751f315c273464d968744ab3229113) Importer(815301076,1909f56bfc062723c751e8b465ee728b)  -> (artifact id: '3c9f3cde6e751dd4cc02dfc7eed14ec5') in 0.022642 seconds 
  Import took 0.025830 seconds .

========================================================================
Received Import Request.
  Time since last request: 16.450598 seconds.
  path: Assets/Models/Prefabs/Guardia.prefab
  artifactKey: Guid(0f751f315c273464d968744ab3229113) Importer(815301076,1909f56bfc062723c751e8b465ee728b)
Start importing Assets/Models/Prefabs/Guardia.prefab using Guid(0f751f315c273464d968744ab3229113) Importer(815301076,1909f56bfc062723c751e8b465ee728b)  -> (artifact id: 'ca82fec3722ac9673c300116bf1596d1') in 0.026542 seconds 
  Import took 0.030195 seconds .

========================================================================
Received Import Request.
  Time since last request: 11.809777 seconds.
  path: Assets/Models/Prefabs/Guardia.prefab
  artifactKey: Guid(0f751f315c273464d968744ab3229113) Importer(815301076,1909f56bfc062723c751e8b465ee728b)
Start importing Assets/Models/Prefabs/Guardia.prefab using Guid(0f751f315c273464d968744ab3229113) Importer(815301076,1909f56bfc062723c751e8b465ee728b)  -> (artifact id: '8016a0dd7069c7bf2124f7b0bc123ff0') in 0.177835 seconds 
  Import took 0.188471 seconds .

========================================================================
Received Import Request.
  Time since last request: 5.199880 seconds.
  path: Assets/Models/Prefabs/Guardia.prefab
  artifactKey: Guid(0f751f315c273464d968744ab3229113) Importer(815301076,1909f56bfc062723c751e8b465ee728b)
Start importing Assets/Models/Prefabs/Guardia.prefab using Guid(0f751f315c273464d968744ab3229113) Importer(815301076,1909f56bfc062723c751e8b465ee728b)  -> (artifact id: 'a7039b33649b853effd84ea5d0e149d8') in 0.043225 seconds 
  Import took 0.048302 seconds .

========================================================================
Received Import Request.
  Time since last request: 9.104021 seconds.
  path: Assets/Models/Prefabs/Guardia.prefab
  artifactKey: Guid(0f751f315c273464d968744ab3229113) Importer(815301076,1909f56bfc062723c751e8b465ee728b)
Start importing Assets/Models/Prefabs/Guardia.prefab using Guid(0f751f315c273464d968744ab3229113) Importer(815301076,1909f56bfc062723c751e8b465ee728b)  -> (artifact id: 'd75571aa4e8039ae8d9d41041ab6b8bd') in 0.597931 seconds 
  Import took 0.602760 seconds .

========================================================================
Received Import Request.
  Time since last request: 5.972052 seconds.
  path: Assets/Models/Prefabs/Guardia.prefab
  artifactKey: Guid(0f751f315c273464d968744ab3229113) Importer(815301076,1909f56bfc062723c751e8b465ee728b)
Start importing Assets/Models/Prefabs/Guardia.prefab using Guid(0f751f315c273464d968744ab3229113) Importer(815301076,1909f56bfc062723c751e8b465ee728b)  -> (artifact id: 'bb93c33bc336be52c61bf4e03e3cd0d1') in 0.028910 seconds 
  Import took 0.037671 seconds .

========================================================================
Received Import Request.
  Time since last request: 5.422280 seconds.
  path: Assets/Models/Prefabs/Guardia.prefab
  artifactKey: Guid(0f751f315c273464d968744ab3229113) Importer(815301076,1909f56bfc062723c751e8b465ee728b)
Start importing Assets/Models/Prefabs/Guardia.prefab using Guid(0f751f315c273464d968744ab3229113) Importer(815301076,1909f56bfc062723c751e8b465ee728b)  -> (artifact id: '79d4378f2f641168bcc3c847478c3076') in 0.043027 seconds 
  Import took 0.046606 seconds .

========================================================================
Received Import Request.
  Time since last request: 2.253025 seconds.
  path: Assets/Models/Prefabs/Guardia.prefab
  artifactKey: Guid(0f751f315c273464d968744ab3229113) Importer(815301076,1909f56bfc062723c751e8b465ee728b)
Start importing Assets/Models/Prefabs/Guardia.prefab using Guid(0f751f315c273464d968744ab3229113) Importer(815301076,1909f56bfc062723c751e8b465ee728b)  -> (artifact id: 'bff7f542208543e3d80f457bda9c2822') in 0.028401 seconds 
  Import took 0.034536 seconds .

========================================================================
Received Import Request.
  Time since last request: 2.027204 seconds.
  path: Assets/Models/Prefabs/Guardia.prefab
  artifactKey: Guid(0f751f315c273464d968744ab3229113) Importer(815301076,1909f56bfc062723c751e8b465ee728b)
Start importing Assets/Models/Prefabs/Guardia.prefab using Guid(0f751f315c273464d968744ab3229113) Importer(815301076,1909f56bfc062723c751e8b465ee728b)  -> (artifact id: '0b7f473ea115b8a61ffe791ad194a83d') in 0.053182 seconds 
  Import took 0.057504 seconds .

========================================================================
Received Import Request.
  Time since last request: 2.121136 seconds.
  path: Assets/Models/Prefabs/Guardia.prefab
  artifactKey: Guid(0f751f315c273464d968744ab3229113) Importer(815301076,1909f56bfc062723c751e8b465ee728b)
Start importing Assets/Models/Prefabs/Guardia.prefab using Guid(0f751f315c273464d968744ab3229113) Importer(815301076,1909f56bfc062723c751e8b465ee728b)  -> (artifact id: 'c7f155f73cc22963c47443726abc6035') in 0.040941 seconds 
  Import took 0.044256 seconds .

========================================================================
Received Import Request.
  Time since last request: 5.117736 seconds.
  path: Assets/Models/Prefabs/Guardia.prefab
  artifactKey: Guid(0f751f315c273464d968744ab3229113) Importer(815301076,1909f56bfc062723c751e8b465ee728b)
Start importing Assets/Models/Prefabs/Guardia.prefab using Guid(0f751f315c273464d968744ab3229113) Importer(815301076,1909f56bfc062723c751e8b465ee728b)  -> (artifact id: 'ad8d8997eaaaa53998f732cf57357a10') in 0.043964 seconds 
  Import took 0.049555 seconds .

========================================================================
Received Import Request.
  Time since last request: 7.450220 seconds.
  path: Assets/Models/Prefabs/Guardia.prefab
  artifactKey: Guid(0f751f315c273464d968744ab3229113) Importer(815301076,1909f56bfc062723c751e8b465ee728b)
Start importing Assets/Models/Prefabs/Guardia.prefab using Guid(0f751f315c273464d968744ab3229113) Importer(815301076,1909f56bfc062723c751e8b465ee728b)  -> (artifact id: '96b85739a156b79000a7d691b2ef6a27') in 0.035353 seconds 
  Import took 0.040120 seconds .

========================================================================
Received Import Request.
  Time since last request: 4.181981 seconds.
  path: Assets/Models/Prefabs/Guardia.prefab
  artifactKey: Guid(0f751f315c273464d968744ab3229113) Importer(815301076,1909f56bfc062723c751e8b465ee728b)
Start importing Assets/Models/Prefabs/Guardia.prefab using Guid(0f751f315c273464d968744ab3229113) Importer(815301076,1909f56bfc062723c751e8b465ee728b)  -> (artifact id: '3c50f8ef9311dd8521aa4a26c92017f6') in 0.119225 seconds 
  Import took 0.134819 seconds .

========================================================================
Received Import Request.
  Time since last request: 8.555342 seconds.
  path: Assets/Models/Prefabs/Guardia.prefab
  artifactKey: Guid(0f751f315c273464d968744ab3229113) Importer(815301076,1909f56bfc062723c751e8b465ee728b)
Start importing Assets/Models/Prefabs/Guardia.prefab using Guid(0f751f315c273464d968744ab3229113) Importer(815301076,1909f56bfc062723c751e8b465ee728b)  -> (artifact id: 'cd8932f1f1236e2d364a5bcee834ca60') in 0.043848 seconds 
  Import took 0.051588 seconds .

========================================================================
Received Import Request.
  Time since last request: 3.966337 seconds.
  path: Assets/Models/Prefabs/Guardia.prefab
  artifactKey: Guid(0f751f315c273464d968744ab3229113) Importer(815301076,1909f56bfc062723c751e8b465ee728b)
Start importing Assets/Models/Prefabs/Guardia.prefab using Guid(0f751f315c273464d968744ab3229113) Importer(815301076,1909f56bfc062723c751e8b465ee728b)  -> (artifact id: 'cf46c6fadd3fedf69c9c60ae38434165') in 0.023851 seconds 
  Import took 0.027203 seconds .

========================================================================
Received Import Request.
  Time since last request: 2.676982 seconds.
  path: Assets/Models/Prefabs/Guardia.prefab
  artifactKey: Guid(0f751f315c273464d968744ab3229113) Importer(815301076,1909f56bfc062723c751e8b465ee728b)
Start importing Assets/Models/Prefabs/Guardia.prefab using Guid(0f751f315c273464d968744ab3229113) Importer(815301076,1909f56bfc062723c751e8b465ee728b)  -> (artifact id: '17640465c6094443d3b9330f3bc63fe6') in 0.029001 seconds 
  Import took 0.032714 seconds .

========================================================================
Received Import Request.
  Time since last request: 7.622437 seconds.
  path: Assets/Models/Prefabs/Guardia.prefab
  artifactKey: Guid(0f751f315c273464d968744ab3229113) Importer(815301076,1909f56bfc062723c751e8b465ee728b)
Start importing Assets/Models/Prefabs/Guardia.prefab using Guid(0f751f315c273464d968744ab3229113) Importer(815301076,1909f56bfc062723c751e8b465ee728b)  -> (artifact id: '22c736ed6577ad94dcdda1d6b31cfa19') in 0.056477 seconds 
  Import took 0.075254 seconds .

========================================================================
Received Import Request.
  Time since last request: 5.501768 seconds.
  path: Assets/Models/Prefabs/Guardia.prefab
  artifactKey: Guid(0f751f315c273464d968744ab3229113) Importer(815301076,1909f56bfc062723c751e8b465ee728b)
Start importing Assets/Models/Prefabs/Guardia.prefab using Guid(0f751f315c273464d968744ab3229113) Importer(815301076,1909f56bfc062723c751e8b465ee728b)  -> (artifact id: '757c7ccd5661bfefd807b569dca6d8fd') in 0.028564 seconds 
  Import took 0.034229 seconds .

========================================================================
Received Import Request.
  Time since last request: 4.215427 seconds.
  path: Assets/Models/Prefabs/Guardia.prefab
  artifactKey: Guid(0f751f315c273464d968744ab3229113) Importer(815301076,1909f56bfc062723c751e8b465ee728b)
Start importing Assets/Models/Prefabs/Guardia.prefab using Guid(0f751f315c273464d968744ab3229113) Importer(815301076,1909f56bfc062723c751e8b465ee728b)  -> (artifact id: '8877f55b0a7dde2d41be758ca9d42050') in 0.024511 seconds 
  Import took 0.028794 seconds .

========================================================================
Received Import Request.
  Time since last request: 8.857701 seconds.
  path: Assets/Models/Prefabs/Guardia.prefab
  artifactKey: Guid(0f751f315c273464d968744ab3229113) Importer(815301076,1909f56bfc062723c751e8b465ee728b)
Start importing Assets/Models/Prefabs/Guardia.prefab using Guid(0f751f315c273464d968744ab3229113) Importer(815301076,1909f56bfc062723c751e8b465ee728b)  -> (artifact id: 'fad784b873fd7a643341d47f4c365d39') in 0.042774 seconds 
  Import took 0.047758 seconds .

========================================================================
Received Import Request.
  Time since last request: 5.809512 seconds.
  path: Assets/Models/Prefabs/Guardia.prefab
  artifactKey: Guid(0f751f315c273464d968744ab3229113) Importer(815301076,1909f56bfc062723c751e8b465ee728b)
Start importing Assets/Models/Prefabs/Guardia.prefab using Guid(0f751f315c273464d968744ab3229113) Importer(815301076,1909f56bfc062723c751e8b465ee728b)  -> (artifact id: '8a59c9700d193daf1aafa921a0b62473') in 0.018335 seconds 
  Import took 0.023205 seconds .

========================================================================
Received Import Request.
  Time since last request: 14.339426 seconds.
  path: Assets/Models/Prefabs/Guardia.prefab
  artifactKey: Guid(0f751f315c273464d968744ab3229113) Importer(815301076,1909f56bfc062723c751e8b465ee728b)
Start importing Assets/Models/Prefabs/Guardia.prefab using Guid(0f751f315c273464d968744ab3229113) Importer(815301076,1909f56bfc062723c751e8b465ee728b)  -> (artifact id: 'abf947dac1b2dd9d673e1d3356e3ebd3') in 0.036893 seconds 
  Import took 0.042647 seconds .

========================================================================
Received Import Request.
  Time since last request: 6.587248 seconds.
  path: Assets/Models/Prefabs/Guardia.prefab
  artifactKey: Guid(0f751f315c273464d968744ab3229113) Importer(815301076,1909f56bfc062723c751e8b465ee728b)
Start importing Assets/Models/Prefabs/Guardia.prefab using Guid(0f751f315c273464d968744ab3229113) Importer(815301076,1909f56bfc062723c751e8b465ee728b)  -> (artifact id: '7dc6c4ca16133166e67e0498fcc5eda5') in 0.023760 seconds 
  Import took 0.028843 seconds .

========================================================================
Received Import Request.
  Time since last request: 5.108729 seconds.
  path: Assets/Models/Prefabs/Guardia.prefab
  artifactKey: Guid(0f751f315c273464d968744ab3229113) Importer(815301076,1909f56bfc062723c751e8b465ee728b)
Start importing Assets/Models/Prefabs/Guardia.prefab using Guid(0f751f315c273464d968744ab3229113) Importer(815301076,1909f56bfc062723c751e8b465ee728b)  -> (artifact id: '23fde8e241356b8cb75c0f30f0894511') in 0.019722 seconds 
  Import took 0.023351 seconds .

========================================================================
Received Import Request.
  Time since last request: 4.228397 seconds.
  path: Assets/Models/Prefabs/Guardia.prefab
  artifactKey: Guid(0f751f315c273464d968744ab3229113) Importer(815301076,1909f56bfc062723c751e8b465ee728b)
Start importing Assets/Models/Prefabs/Guardia.prefab using Guid(0f751f315c273464d968744ab3229113) Importer(815301076,1909f56bfc062723c751e8b465ee728b)  -> (artifact id: '1734ef5588447351b897cd493fa22e73') in 0.036030 seconds 
  Import took 0.069681 seconds .

========================================================================
Received Import Request.
  Time since last request: 3.942895 seconds.
  path: Assets/Models/Prefabs/Guardia.prefab
  artifactKey: Guid(0f751f315c273464d968744ab3229113) Importer(815301076,1909f56bfc062723c751e8b465ee728b)
Start importing Assets/Models/Prefabs/Guardia.prefab using Guid(0f751f315c273464d968744ab3229113) Importer(815301076,1909f56bfc062723c751e8b465ee728b)  -> (artifact id: '5c4afc8e3dd577d766876b7f57f9d259') in 0.029866 seconds 
  Import took 0.034443 seconds .

========================================================================
Received Import Request.
  Time since last request: 7.615598 seconds.
  path: Assets/Models/Prefabs/Guardia.prefab
  artifactKey: Guid(0f751f315c273464d968744ab3229113) Importer(815301076,1909f56bfc062723c751e8b465ee728b)
Start importing Assets/Models/Prefabs/Guardia.prefab using Guid(0f751f315c273464d968744ab3229113) Importer(815301076,1909f56bfc062723c751e8b465ee728b)  -> (artifact id: 'da15bfbb713afe00d42f209d3f7636bc') in 0.059767 seconds 
  Import took 0.063191 seconds .

========================================================================
Received Import Request.
  Time since last request: 3.556710 seconds.
  path: Assets/Models/Prefabs/Guardia.prefab
  artifactKey: Guid(0f751f315c273464d968744ab3229113) Importer(815301076,1909f56bfc062723c751e8b465ee728b)
Start importing Assets/Models/Prefabs/Guardia.prefab using Guid(0f751f315c273464d968744ab3229113) Importer(815301076,1909f56bfc062723c751e8b465ee728b)  -> (artifact id: '8ac3c05b5b639d752509d250d7902524') in 0.018273 seconds 
  Import took 0.021916 seconds .

========================================================================
Received Import Request.
  Time since last request: 5.284456 seconds.
  path: Assets/Models/Prefabs/Guardia.prefab
  artifactKey: Guid(0f751f315c273464d968744ab3229113) Importer(815301076,1909f56bfc062723c751e8b465ee728b)
Start importing Assets/Models/Prefabs/Guardia.prefab using Guid(0f751f315c273464d968744ab3229113) Importer(815301076,1909f56bfc062723c751e8b465ee728b)  -> (artifact id: '479fe868f1b22902ea3eb2dfa0e6ba5d') in 0.017441 seconds 
  Import took 0.021678 seconds .

========================================================================
Received Import Request.
  Time since last request: 7.009503 seconds.
  path: Assets/Models/Prefabs/Guardia.prefab
  artifactKey: Guid(0f751f315c273464d968744ab3229113) Importer(815301076,1909f56bfc062723c751e8b465ee728b)
Start importing Assets/Models/Prefabs/Guardia.prefab using Guid(0f751f315c273464d968744ab3229113) Importer(815301076,1909f56bfc062723c751e8b465ee728b)  -> (artifact id: '77c637b05278f81b975ec466ed350aa4') in 0.019963 seconds 
  Import took 0.024061 seconds .

========================================================================
Received Import Request.
  Time since last request: 6.014696 seconds.
  path: Assets/Models/Prefabs/Guardia.prefab
  artifactKey: Guid(0f751f315c273464d968744ab3229113) Importer(815301076,1909f56bfc062723c751e8b465ee728b)
Start importing Assets/Models/Prefabs/Guardia.prefab using Guid(0f751f315c273464d968744ab3229113) Importer(815301076,1909f56bfc062723c751e8b465ee728b)  -> (artifact id: '88c9768f33779b148d7a141355152187') in 0.031603 seconds 
  Import took 0.035509 seconds .

========================================================================
Received Import Request.
  Time since last request: 1.692042 seconds.
  path: Assets/Models/Prefabs/Guardia.prefab
  artifactKey: Guid(0f751f315c273464d968744ab3229113) Importer(815301076,1909f56bfc062723c751e8b465ee728b)
Start importing Assets/Models/Prefabs/Guardia.prefab using Guid(0f751f315c273464d968744ab3229113) Importer(815301076,1909f56bfc062723c751e8b465ee728b)  -> (artifact id: '48bc3845aacb95649660052583c800fa') in 0.053957 seconds 
  Import took 0.058721 seconds .

========================================================================
Received Import Request.
  Time since last request: 7.601134 seconds.
  path: Assets/Models/Prefabs/Guardia.prefab
  artifactKey: Guid(0f751f315c273464d968744ab3229113) Importer(815301076,1909f56bfc062723c751e8b465ee728b)
Start importing Assets/Models/Prefabs/Guardia.prefab using Guid(0f751f315c273464d968744ab3229113) Importer(815301076,1909f56bfc062723c751e8b465ee728b)  -> (artifact id: 'c1c14574ae7f95aa8d8aee998388f1bf') in 0.024628 seconds 
  Import took 0.031628 seconds .

========================================================================
Received Import Request.
  Time since last request: 4.050488 seconds.
  path: Assets/Models/Prefabs/Guardia.prefab
  artifactKey: Guid(0f751f315c273464d968744ab3229113) Importer(815301076,1909f56bfc062723c751e8b465ee728b)
Start importing Assets/Models/Prefabs/Guardia.prefab using Guid(0f751f315c273464d968744ab3229113) Importer(815301076,1909f56bfc062723c751e8b465ee728b)  -> (artifact id: '3e948bc3dc99a7c5eec39cc3ee250f2f') in 0.046451 seconds 
  Import took 0.062481 seconds .

========================================================================
Received Import Request.
  Time since last request: 6.909299 seconds.
  path: Assets/Models/Prefabs/Guardia.prefab
  artifactKey: Guid(0f751f315c273464d968744ab3229113) Importer(815301076,1909f56bfc062723c751e8b465ee728b)
Start importing Assets/Models/Prefabs/Guardia.prefab using Guid(0f751f315c273464d968744ab3229113) Importer(815301076,1909f56bfc062723c751e8b465ee728b)  -> (artifact id: '155e266f171c5f123e1d598d5232180f') in 0.064340 seconds 
  Import took 0.067959 seconds .

========================================================================
Received Import Request.
  Time since last request: 38.319714 seconds.
  path: Assets/Models/Prefabs/Guardia.prefab
  artifactKey: Guid(0f751f315c273464d968744ab3229113) Importer(815301076,1909f56bfc062723c751e8b465ee728b)
Start importing Assets/Models/Prefabs/Guardia.prefab using Guid(0f751f315c273464d968744ab3229113) Importer(815301076,1909f56bfc062723c751e8b465ee728b)  -> (artifact id: '0ee9ffc3c4c031039f759cf58803844d') in 0.024632 seconds 
  Import took 0.030937 seconds .

========================================================================
Received Import Request.
  Time since last request: 56.731321 seconds.
  path: Assets/Models/Prefabs/Guardia.prefab
  artifactKey: Guid(0f751f315c273464d968744ab3229113) Importer(815301076,1909f56bfc062723c751e8b465ee728b)
Start importing Assets/Models/Prefabs/Guardia.prefab using Guid(0f751f315c273464d968744ab3229113) Importer(815301076,1909f56bfc062723c751e8b465ee728b)  -> (artifact id: '7ba9eb31843fe680b5d0f50959abf6a4') in 0.071659 seconds 
  Import took 0.078836 seconds .

========================================================================
Received Prepare
Registering precompiled user dll's ...
Registered in 0.009224 seconds.
Begin MonoManager ReloadAssembly
Native extension for Lumin target not found
Native extension for WindowsStandalone target not found
Native extension for OSXStandalone target not found
Native extension for WebGL target not found
Refreshing native plugins compatible for Editor in 0.42 ms, found 2 plugins.
Preloading 0 native plugins for Editor in 0.00 ms.
Mono: successfully reloaded assembly
- Completed reload, in  1.528 seconds
Platform modules already initialized, skipping
Refreshing native plugins compatible for Editor in 0.50 ms, found 2 plugins.
Preloading 0 native plugins for Editor in 0.00 ms.
Unloading 1471 Unused Serialized files (Serialized files now loaded: 0)
System memory in use before: 73.1 MB.
System memory in use after: 73.2 MB.

Unloading 15 unused Assets to reduce memory usage. Loaded Objects now: 1937.
Total: 2.193300 ms (FindLiveObjects: 0.244200 ms CreateObjectMapping: 0.100800 ms MarkObjects: 1.730200 ms  DeleteObjects: 0.117300 ms)

AssetImportParameters requested are different than current active one (requested -> active):
  custom:framework-win-MediaFoundation: 216162199b28c13a410421893ffa2e32 -> 
  custom:video-decoder-ogg-theora: a1e56fd34408186e4bbccfd4996cb3dc -> 
  custom:container-muxer-webm: aa71ff27fc2769a1b78a27578f13a17b -> 
  custom:container-demuxer-webm: 4f35f7cbe854078d1ac9338744f61a02 -> 
  custom:container-demuxer-ogg: 62fdf1f143b41e24485cea50d1cbac27 -> 
  custom:video-encoder-webm-vp8: eb34c28f22e8b96e1ab97ce403110664 -> 
  custom:video-decoder-webm-vp8: 9c59270c3fd7afecdb556c50c9e8de78 -> 
  custom:audio-decoder-ogg-vorbis: bf7c407c2cedff20999df2af8eb42d56 -> 
  custom:audio-encoder-webm-vorbis: bf7c407c2cedff20999df2af8eb42d56 -> 
========================================================================
Received Import Request.
  Time since last request: 168.339641 seconds.
  path: Assets/Models/Prefabs/Guardia.prefab
  artifactKey: Guid(0f751f315c273464d968744ab3229113) Importer(815301076,1909f56bfc062723c751e8b465ee728b)
Start importing Assets/Models/Prefabs/Guardia.prefab using Guid(0f751f315c273464d968744ab3229113) Importer(815301076,1909f56bfc062723c751e8b465ee728b)  -> (artifact id: 'ee432821852188cc5f0d3f8c0be52cfb') in 0.072983 seconds 
  Import took 0.076309 seconds .

========================================================================
Received Prepare
Registering precompiled user dll's ...
Registered in 0.007750 seconds.
Begin MonoManager ReloadAssembly
Native extension for Lumin target not found
Native extension for WindowsStandalone target not found
Native extension for OSXStandalone target not found
Native extension for WebGL target not found
Refreshing native plugins compatible for Editor in 0.41 ms, found 2 plugins.
Preloading 0 native plugins for Editor in 0.00 ms.
Mono: successfully reloaded assembly
- Completed reload, in  1.401 seconds
Platform modules already initialized, skipping
Refreshing native plugins compatible for Editor in 0.51 ms, found 2 plugins.
Preloading 0 native plugins for Editor in 0.00 ms.
Unloading 1471 Unused Serialized files (Serialized files now loaded: 0)
System memory in use before: 73.1 MB.
System memory in use after: 73.2 MB.

Unloading 14 unused Assets to reduce memory usage. Loaded Objects now: 1941.
Total: 2.153500 ms (FindLiveObjects: 0.222800 ms CreateObjectMapping: 0.054000 ms MarkObjects: 1.784100 ms  DeleteObjects: 0.091500 ms)

AssetImportParameters requested are different than current active one (requested -> active):
  custom:framework-win-MediaFoundation: 216162199b28c13a410421893ffa2e32 -> 
  custom:video-decoder-ogg-theora: a1e56fd34408186e4bbccfd4996cb3dc -> 
  custom:container-muxer-webm: aa71ff27fc2769a1b78a27578f13a17b -> 
  custom:container-demuxer-webm: 4f35f7cbe854078d1ac9338744f61a02 -> 
  custom:container-demuxer-ogg: 62fdf1f143b41e24485cea50d1cbac27 -> 
  custom:video-encoder-webm-vp8: eb34c28f22e8b96e1ab97ce403110664 -> 
  custom:video-decoder-webm-vp8: 9c59270c3fd7afecdb556c50c9e8de78 -> 
  custom:audio-decoder-ogg-vorbis: bf7c407c2cedff20999df2af8eb42d56 -> 
  custom:audio-encoder-webm-vorbis: bf7c407c2cedff20999df2af8eb42d56 -> 
========================================================================
Received Prepare
Registering precompiled user dll's ...
Registered in 0.005592 seconds.
Begin MonoManager ReloadAssembly
Native extension for Lumin target not found
Native extension for WindowsStandalone target not found
Native extension for OSXStandalone target not found
Native extension for WebGL target not found
Refreshing native plugins compatible for Editor in 1.36 ms, found 2 plugins.
Preloading 0 native plugins for Editor in 0.00 ms.
Mono: successfully reloaded assembly
- Completed reload, in  1.483 seconds
Platform modules already initialized, skipping
Refreshing native plugins compatible for Editor in 0.39 ms, found 2 plugins.
Preloading 0 native plugins for Editor in 0.00 ms.
Unloading 1471 Unused Serialized files (Serialized files now loaded: 0)
System memory in use before: 73.1 MB.
System memory in use after: 73.2 MB.

Unloading 14 unused Assets to reduce memory usage. Loaded Objects now: 1944.
Total: 2.658000 ms (FindLiveObjects: 0.167100 ms CreateObjectMapping: 0.055600 ms MarkObjects: 2.360500 ms  DeleteObjects: 0.073300 ms)

AssetImportParameters requested are different than current active one (requested -> active):
  custom:framework-win-MediaFoundation: 216162199b28c13a410421893ffa2e32 -> 
  custom:video-decoder-ogg-theora: a1e56fd34408186e4bbccfd4996cb3dc -> 
  custom:container-muxer-webm: aa71ff27fc2769a1b78a27578f13a17b -> 
  custom:container-demuxer-webm: 4f35f7cbe854078d1ac9338744f61a02 -> 
  custom:container-demuxer-ogg: 62fdf1f143b41e24485cea50d1cbac27 -> 
  custom:video-encoder-webm-vp8: eb34c28f22e8b96e1ab97ce403110664 -> 
  custom:video-decoder-webm-vp8: 9c59270c3fd7afecdb556c50c9e8de78 -> 
  custom:audio-decoder-ogg-vorbis: bf7c407c2cedff20999df2af8eb42d56 -> 
  custom:audio-encoder-webm-vorbis: bf7c407c2cedff20999df2af8eb42d56 -> 
========================================================================
Received Prepare
Registering precompiled user dll's ...
Registered in 0.008547 seconds.
Begin MonoManager ReloadAssembly
Native extension for Lumin target not found
Native extension for WindowsStandalone target not found
Native extension for OSXStandalone target not found
Native extension for WebGL target not found
Refreshing native plugins compatible for Editor in 0.48 ms, found 2 plugins.
Preloading 0 native plugins for Editor in 0.00 ms.
Mono: successfully reloaded assembly
- Completed reload, in  1.447 seconds
Platform modules already initialized, skipping
Refreshing native plugins compatible for Editor in 0.38 ms, found 2 plugins.
Preloading 0 native plugins for Editor in 0.00 ms.
Unloading 1471 Unused Serialized files (Serialized files now loaded: 0)
System memory in use before: 73.1 MB.
System memory in use after: 73.2 MB.

Unloading 14 unused Assets to reduce memory usage. Loaded Objects now: 1947.
Total: 2.009500 ms (FindLiveObjects: 0.152300 ms CreateObjectMapping: 0.052900 ms MarkObjects: 1.722900 ms  DeleteObjects: 0.080300 ms)

AssetImportParameters requested are different than current active one (requested -> active):
  custom:framework-win-MediaFoundation: 216162199b28c13a410421893ffa2e32 -> 
  custom:video-decoder-ogg-theora: a1e56fd34408186e4bbccfd4996cb3dc -> 
  custom:container-muxer-webm: aa71ff27fc2769a1b78a27578f13a17b -> 
  custom:container-demuxer-webm: 4f35f7cbe854078d1ac9338744f61a02 -> 
  custom:container-demuxer-ogg: 62fdf1f143b41e24485cea50d1cbac27 -> 
  custom:video-encoder-webm-vp8: eb34c28f22e8b96e1ab97ce403110664 -> 
  custom:video-decoder-webm-vp8: 9c59270c3fd7afecdb556c50c9e8de78 -> 
  custom:audio-decoder-ogg-vorbis: bf7c407c2cedff20999df2af8eb42d56 -> 
  custom:audio-encoder-webm-vorbis: bf7c407c2cedff20999df2af8eb42d56 -> 
========================================================================
Received Prepare
Registering precompiled user dll's ...
Registered in 0.922345 seconds.
Begin MonoManager ReloadAssembly
Native extension for Lumin target not found
Native extension for WindowsStandalone target not found
Native extension for OSXStandalone target not found
Native extension for WebGL target not found
Refreshing native plugins compatible for Editor in 0.38 ms, found 2 plugins.
Preloading 0 native plugins for Editor in 0.00 ms.
Mono: successfully reloaded assembly
- Completed reload, in  1.590 seconds
Platform modules already initialized, skipping
Refreshing native plugins compatible for Editor in 0.55 ms, found 2 plugins.
Preloading 0 native plugins for Editor in 0.00 ms.
Unloading 1471 Unused Serialized files (Serialized files now loaded: 0)
System memory in use before: 73.1 MB.
System memory in use after: 73.2 MB.

Unloading 14 unused Assets to reduce memory usage. Loaded Objects now: 1950.
Total: 3.683100 ms (FindLiveObjects: 0.319300 ms CreateObjectMapping: 0.078300 ms MarkObjects: 3.097600 ms  DeleteObjects: 0.185700 ms)

AssetImportParameters requested are different than current active one (requested -> active):
  custom:framework-win-MediaFoundation: 216162199b28c13a410421893ffa2e32 -> 
  custom:video-decoder-ogg-theora: a1e56fd34408186e4bbccfd4996cb3dc -> 
  custom:container-muxer-webm: aa71ff27fc2769a1b78a27578f13a17b -> 
  custom:container-demuxer-webm: 4f35f7cbe854078d1ac9338744f61a02 -> 
  custom:container-demuxer-ogg: 62fdf1f143b41e24485cea50d1cbac27 -> 
  custom:video-encoder-webm-vp8: eb34c28f22e8b96e1ab97ce403110664 -> 
  custom:video-decoder-webm-vp8: 9c59270c3fd7afecdb556c50c9e8de78 -> 
  custom:audio-decoder-ogg-vorbis: bf7c407c2cedff20999df2af8eb42d56 -> 
  custom:audio-encoder-webm-vorbis: bf7c407c2cedff20999df2af8eb42d56 -> 
========================================================================
Received Prepare
Registering precompiled user dll's ...
Registered in 0.005836 seconds.
Begin MonoManager ReloadAssembly
Native extension for Lumin target not found
Native extension for WindowsStandalone target not found
Native extension for OSXStandalone target not found
Native extension for WebGL target not found
Refreshing native plugins compatible for Editor in 0.50 ms, found 2 plugins.
Preloading 0 native plugins for Editor in 0.00 ms.
Mono: successfully reloaded assembly
- Completed reload, in  1.363 seconds
Platform modules already initialized, skipping
Refreshing native plugins compatible for Editor in 1.03 ms, found 2 plugins.
Preloading 0 native plugins for Editor in 0.00 ms.
Unloading 1471 Unused Serialized files (Serialized files now loaded: 0)
System memory in use before: 73.1 MB.
System memory in use after: 73.2 MB.

Unloading 14 unused Assets to reduce memory usage. Loaded Objects now: 1953.
Total: 1.902400 ms (FindLiveObjects: 0.156300 ms CreateObjectMapping: 0.054300 ms MarkObjects: 1.632400 ms  DeleteObjects: 0.058500 ms)

AssetImportParameters requested are different than current active one (requested -> active):
  custom:framework-win-MediaFoundation: 216162199b28c13a410421893ffa2e32 -> 
  custom:video-decoder-ogg-theora: a1e56fd34408186e4bbccfd4996cb3dc -> 
  custom:container-muxer-webm: aa71ff27fc2769a1b78a27578f13a17b -> 
  custom:container-demuxer-webm: 4f35f7cbe854078d1ac9338744f61a02 -> 
  custom:container-demuxer-ogg: 62fdf1f143b41e24485cea50d1cbac27 -> 
  custom:video-encoder-webm-vp8: eb34c28f22e8b96e1ab97ce403110664 -> 
  custom:video-decoder-webm-vp8: 9c59270c3fd7afecdb556c50c9e8de78 -> 
  custom:audio-decoder-ogg-vorbis: bf7c407c2cedff20999df2af8eb42d56 -> 
  custom:audio-encoder-webm-vorbis: bf7c407c2cedff20999df2af8eb42d56 -> 
========================================================================
Received Prepare
Registering precompiled user dll's ...
Registered in 0.004836 seconds.
Begin MonoManager ReloadAssembly
Native extension for Lumin target not found
Native extension for WindowsStandalone target not found
Native extension for OSXStandalone target not found
Native extension for WebGL target not found
Refreshing native plugins compatible for Editor in 0.57 ms, found 2 plugins.
Preloading 0 native plugins for Editor in 0.00 ms.
Mono: successfully reloaded assembly
- Completed reload, in  1.346 seconds
Platform modules already initialized, skipping
Refreshing native plugins compatible for Editor in 0.66 ms, found 2 plugins.
Preloading 0 native plugins for Editor in 0.00 ms.
Unloading 1471 Unused Serialized files (Serialized files now loaded: 0)
System memory in use before: 73.1 MB.
System memory in use after: 73.2 MB.

Unloading 14 unused Assets to reduce memory usage. Loaded Objects now: 1956.
Total: 2.628400 ms (FindLiveObjects: 0.222500 ms CreateObjectMapping: 0.058300 ms MarkObjects: 2.274100 ms  DeleteObjects: 0.072100 ms)

AssetImportParameters requested are different than current active one (requested -> active):
  custom:framework-win-MediaFoundation: 216162199b28c13a410421893ffa2e32 -> 
  custom:video-decoder-ogg-theora: a1e56fd34408186e4bbccfd4996cb3dc -> 
  custom:container-muxer-webm: aa71ff27fc2769a1b78a27578f13a17b -> 
  custom:container-demuxer-webm: 4f35f7cbe854078d1ac9338744f61a02 -> 
  custom:container-demuxer-ogg: 62fdf1f143b41e24485cea50d1cbac27 -> 
  custom:video-encoder-webm-vp8: eb34c28f22e8b96e1ab97ce403110664 -> 
  custom:video-decoder-webm-vp8: 9c59270c3fd7afecdb556c50c9e8de78 -> 
  custom:audio-decoder-ogg-vorbis: bf7c407c2cedff20999df2af8eb42d56 -> 
  custom:audio-encoder-webm-vorbis: bf7c407c2cedff20999df2af8eb42d56 -> 
========================================================================
Received Prepare
Registering precompiled user dll's ...
Registered in 0.005322 seconds.
Begin MonoManager ReloadAssembly
Native extension for Lumin target not found
Native extension for WindowsStandalone target not found
Native extension for OSXStandalone target not found
Native extension for WebGL target not found
Refreshing native plugins compatible for Editor in 0.39 ms, found 2 plugins.
Preloading 0 native plugins for Editor in 0.00 ms.
Mono: successfully reloaded assembly
- Completed reload, in  1.476 seconds
Platform modules already initialized, skipping
Refreshing native plugins compatible for Editor in 0.39 ms, found 2 plugins.
Preloading 0 native plugins for Editor in 0.00 ms.
Unloading 1471 Unused Serialized files (Serialized files now loaded: 0)
System memory in use before: 73.2 MB.
System memory in use after: 73.2 MB.

Unloading 14 unused Assets to reduce memory usage. Loaded Objects now: 1959.
Total: 2.533700 ms (FindLiveObjects: 0.168900 ms CreateObjectMapping: 0.055600 ms MarkObjects: 2.213100 ms  DeleteObjects: 0.094800 ms)

AssetImportParameters requested are different than current active one (requested -> active):
  custom:framework-win-MediaFoundation: 216162199b28c13a410421893ffa2e32 -> 
  custom:video-decoder-ogg-theora: a1e56fd34408186e4bbccfd4996cb3dc -> 
  custom:container-muxer-webm: aa71ff27fc2769a1b78a27578f13a17b -> 
  custom:container-demuxer-webm: 4f35f7cbe854078d1ac9338744f61a02 -> 
  custom:container-demuxer-ogg: 62fdf1f143b41e24485cea50d1cbac27 -> 
  custom:video-encoder-webm-vp8: eb34c28f22e8b96e1ab97ce403110664 -> 
  custom:video-decoder-webm-vp8: 9c59270c3fd7afecdb556c50c9e8de78 -> 
  custom:audio-decoder-ogg-vorbis: bf7c407c2cedff20999df2af8eb42d56 -> 
  custom:audio-encoder-webm-vorbis: bf7c407c2cedff20999df2af8eb42d56 -> 
========================================================================
Received Import Request.
  Time since last request: 2285.909745 seconds.
  path: ProjectSettings/TagManager.asset
  artifactKey: Guid(00000000000000003000000000000000) Importer(815301076,1909f56bfc062723c751e8b465ee728b)
Start importing ProjectSettings/TagManager.asset using Guid(00000000000000003000000000000000) Importer(815301076,1909f56bfc062723c751e8b465ee728b)  -> (artifact id: '91a5634fe17c01ee441f7b48a3d6030f') in 0.072303 seconds 
  Import took 0.076426 seconds .

========================================================================
Received Prepare
Registering precompiled user dll's ...
Registered in 0.005254 seconds.
Begin MonoManager ReloadAssembly
Native extension for Lumin target not found
Native extension for WindowsStandalone target not found
Native extension for OSXStandalone target not found
Native extension for WebGL target not found
Refreshing native plugins compatible for Editor in 0.38 ms, found 2 plugins.
Preloading 0 native plugins for Editor in 0.00 ms.
Mono: successfully reloaded assembly
- Completed reload, in  1.465 seconds
Platform modules already initialized, skipping
Refreshing native plugins compatible for Editor in 0.39 ms, found 2 plugins.
Preloading 0 native plugins for Editor in 0.00 ms.
Unloading 1471 Unused Serialized files (Serialized files now loaded: 0)
System memory in use before: 73.2 MB.
System memory in use after: 73.3 MB.

Unloading 15 unused Assets to reduce memory usage. Loaded Objects now: 1962.
Total: 2.188000 ms (FindLiveObjects: 0.144600 ms CreateObjectMapping: 0.045400 ms MarkObjects: 1.889700 ms  DeleteObjects: 0.107300 ms)

AssetImportParameters requested are different than current active one (requested -> active):
  custom:framework-win-MediaFoundation: 216162199b28c13a410421893ffa2e32 -> 
  custom:video-decoder-ogg-theora: a1e56fd34408186e4bbccfd4996cb3dc -> 
  custom:container-muxer-webm: aa71ff27fc2769a1b78a27578f13a17b -> 
  custom:container-demuxer-webm: 4f35f7cbe854078d1ac9338744f61a02 -> 
  custom:container-demuxer-ogg: 62fdf1f143b41e24485cea50d1cbac27 -> 
  custom:video-encoder-webm-vp8: eb34c28f22e8b96e1ab97ce403110664 -> 
  custom:video-decoder-webm-vp8: 9c59270c3fd7afecdb556c50c9e8de78 -> 
  custom:audio-decoder-ogg-vorbis: bf7c407c2cedff20999df2af8eb42d56 -> 
  custom:audio-encoder-webm-vorbis: bf7c407c2cedff20999df2af8eb42d56 -> 
========================================================================
Received Import Request.
  Time since last request: 97.814184 seconds.
  path: Assets/Models/Prefabs/Peones/guardia.prefab
  artifactKey: Guid(2d19ae94c0cd41a4cac74e6a3311f4c8) Importer(815301076,1909f56bfc062723c751e8b465ee728b)
Start importing Assets/Models/Prefabs/Peones/guardia.prefab using Guid(2d19ae94c0cd41a4cac74e6a3311f4c8) Importer(815301076,1909f56bfc062723c751e8b465ee728b)  -> (artifact id: 'aae4476487c45cf9c7731551b89ed464') in 0.066485 seconds 
  Import took 0.069846 seconds .

========================================================================
Received Prepare
Registering precompiled user dll's ...
Registered in 0.007436 seconds.
Begin MonoManager ReloadAssembly
Native extension for Lumin target not found
Native extension for WindowsStandalone target not found
Native extension for OSXStandalone target not found
Native extension for WebGL target not found
Refreshing native plugins compatible for Editor in 0.38 ms, found 2 plugins.
Preloading 0 native plugins for Editor in 0.00 ms.
Mono: successfully reloaded assembly
- Completed reload, in  1.398 seconds
Platform modules already initialized, skipping
Refreshing native plugins compatible for Editor in 0.38 ms, found 2 plugins.
Preloading 0 native plugins for Editor in 0.00 ms.
Unloading 1471 Unused Serialized files (Serialized files now loaded: 0)
System memory in use before: 73.2 MB.
System memory in use after: 73.3 MB.

Unloading 14 unused Assets to reduce memory usage. Loaded Objects now: 1966.
Total: 1.982500 ms (FindLiveObjects: 0.172000 ms CreateObjectMapping: 0.068400 ms MarkObjects: 1.685500 ms  DeleteObjects: 0.055600 ms)

AssetImportParameters requested are different than current active one (requested -> active):
  custom:framework-win-MediaFoundation: 216162199b28c13a410421893ffa2e32 -> 
  custom:video-decoder-ogg-theora: a1e56fd34408186e4bbccfd4996cb3dc -> 
  custom:container-muxer-webm: aa71ff27fc2769a1b78a27578f13a17b -> 
  custom:container-demuxer-webm: 4f35f7cbe854078d1ac9338744f61a02 -> 
  custom:container-demuxer-ogg: 62fdf1f143b41e24485cea50d1cbac27 -> 
  custom:video-encoder-webm-vp8: eb34c28f22e8b96e1ab97ce403110664 -> 
  custom:video-decoder-webm-vp8: 9c59270c3fd7afecdb556c50c9e8de78 -> 
  custom:audio-decoder-ogg-vorbis: bf7c407c2cedff20999df2af8eb42d56 -> 
  custom:audio-encoder-webm-vorbis: bf7c407c2cedff20999df2af8eb42d56 -> 
========================================================================
Received Import Request.
  Time since last request: 20.749107 seconds.
  path: Assets/Models/Prefabs/Peones/guardia.prefab
  artifactKey: Guid(2d19ae94c0cd41a4cac74e6a3311f4c8) Importer(815301076,1909f56bfc062723c751e8b465ee728b)
Start importing Assets/Models/Prefabs/Peones/guardia.prefab using Guid(2d19ae94c0cd41a4cac74e6a3311f4c8) Importer(815301076,1909f56bfc062723c751e8b465ee728b)  -> (artifact id: '3a0a671f15f4ba33178271738cbe19da') in 0.064070 seconds 
  Import took 0.067027 seconds .

========================================================================
Received Prepare
Registering precompiled user dll's ...
Registered in 0.156037 seconds.
Begin MonoManager ReloadAssembly
Native extension for Lumin target not found
Native extension for WindowsStandalone target not found
Native extension for OSXStandalone target not found
Native extension for WebGL target not found
Refreshing native plugins compatible for Editor in 0.36 ms, found 2 plugins.
Preloading 0 native plugins for Editor in 0.00 ms.
Mono: successfully reloaded assembly
- Completed reload, in  1.423 seconds
Platform modules already initialized, skipping
Refreshing native plugins compatible for Editor in 0.37 ms, found 2 plugins.
Preloading 0 native plugins for Editor in 0.00 ms.
Unloading 1471 Unused Serialized files (Serialized files now loaded: 0)
System memory in use before: 73.2 MB.
System memory in use after: 73.3 MB.

Unloading 14 unused Assets to reduce memory usage. Loaded Objects now: 1970.
Total: 2.235100 ms (FindLiveObjects: 0.158000 ms CreateObjectMapping: 0.051200 ms MarkObjects: 1.930000 ms  DeleteObjects: 0.094900 ms)

AssetImportParameters requested are different than current active one (requested -> active):
  custom:framework-win-MediaFoundation: 216162199b28c13a410421893ffa2e32 -> 
  custom:video-decoder-ogg-theora: a1e56fd34408186e4bbccfd4996cb3dc -> 
  custom:container-muxer-webm: aa71ff27fc2769a1b78a27578f13a17b -> 
  custom:container-demuxer-webm: 4f35f7cbe854078d1ac9338744f61a02 -> 
  custom:container-demuxer-ogg: 62fdf1f143b41e24485cea50d1cbac27 -> 
  custom:video-encoder-webm-vp8: eb34c28f22e8b96e1ab97ce403110664 -> 
  custom:video-decoder-webm-vp8: 9c59270c3fd7afecdb556c50c9e8de78 -> 
  custom:audio-decoder-ogg-vorbis: bf7c407c2cedff20999df2af8eb42d56 -> 
  custom:audio-encoder-webm-vorbis: bf7c407c2cedff20999df2af8eb42d56 -> 
========================================================================
Received Prepare
Registering precompiled user dll's ...
Registered in 0.006370 seconds.
Begin MonoManager ReloadAssembly
Native extension for Lumin target not found
Native extension for WindowsStandalone target not found
Native extension for OSXStandalone target not found
Native extension for WebGL target not found
Refreshing native plugins compatible for Editor in 0.43 ms, found 2 plugins.
Preloading 0 native plugins for Editor in 0.00 ms.
Mono: successfully reloaded assembly
- Completed reload, in  1.243 seconds
Platform modules already initialized, skipping
Refreshing native plugins compatible for Editor in 0.39 ms, found 2 plugins.
Preloading 0 native plugins for Editor in 0.00 ms.
Unloading 1471 Unused Serialized files (Serialized files now loaded: 0)
System memory in use before: 73.2 MB.
System memory in use after: 73.3 MB.

Unloading 14 unused Assets to reduce memory usage. Loaded Objects now: 1973.
Total: 2.025800 ms (FindLiveObjects: 0.152800 ms CreateObjectMapping: 0.047400 ms MarkObjects: 1.736000 ms  DeleteObjects: 0.088500 ms)

AssetImportParameters requested are different than current active one (requested -> active):
  custom:framework-win-MediaFoundation: 216162199b28c13a410421893ffa2e32 -> 
  custom:video-decoder-ogg-theora: a1e56fd34408186e4bbccfd4996cb3dc -> 
  custom:container-muxer-webm: aa71ff27fc2769a1b78a27578f13a17b -> 
  custom:container-demuxer-webm: 4f35f7cbe854078d1ac9338744f61a02 -> 
  custom:container-demuxer-ogg: 62fdf1f143b41e24485cea50d1cbac27 -> 
  custom:video-encoder-webm-vp8: eb34c28f22e8b96e1ab97ce403110664 -> 
  custom:video-decoder-webm-vp8: 9c59270c3fd7afecdb556c50c9e8de78 -> 
  custom:audio-decoder-ogg-vorbis: bf7c407c2cedff20999df2af8eb42d56 -> 
  custom:audio-encoder-webm-vorbis: bf7c407c2cedff20999df2af8eb42d56 -> 
AssetImportWorkerClient::OnTransportError - code=2 error=End of file
